2025-02-04 14:00:03,296 - INFO - Starting day planner script...
2025-02-04 14:00:04,757 - INFO - ✅ Successfully connected to Google Calendar
2025-02-04 14:00:04,757 - INFO - 📅 Primary Calendar ID: c_ritfi48pp9ld7atshj6uu5q6r4@group.calendar.google.com
2025-02-04 14:00:20,861 - INFO - ✅ Successfully connected to Google Calendar
2025-02-04 14:00:20,865 - INFO - 📅 Primary Calendar ID: c_ritfi48pp9ld7atshj6uu5q6r4@group.calendar.google.com
2025-02-04 14:00:20,870 - INFO - 
🔍 Attempting to create event: Leetcode for 2 hours
2025-02-04 14:00:20,870 - INFO - Start: 2025-02-05 09:00:00
2025-02-04 14:00:20,870 - INFO - End: 2025-02-05 11:00:00
2025-02-04 14:00:22,010 - INFO - ✅ Successfully created event:
2025-02-04 14:00:22,012 - INFO -   ID: ll3e113ggfcnpr2503tfd8rclo
2025-02-04 14:00:22,012 - INFO -   Link: https://www.google.com/calendar/event?eid=bGwzZTExM2dnZmNucHIyNTAzdGZkOHJjbG8gbGkwMDI1NTdAdW1uLmVkdQ
2025-02-04 14:00:22,014 - INFO - 
🔍 Attempting to create event: Hack on LRT project for 2 hours
2025-02-04 14:00:22,014 - INFO - Start: 2025-02-05 12:00:00
2025-02-04 14:00:22,014 - INFO - End: 2025-02-05 14:00:00
2025-02-04 14:00:22,858 - INFO - ✅ Successfully created event:
2025-02-04 14:00:22,859 - INFO -   ID: chnhuud54rumdsltbpqpg4m9q8
2025-02-04 14:00:22,859 - INFO -   Link: https://www.google.com/calendar/event?eid=Y2huaHV1ZDU0cnVtZHNsdGJwcXBnNG05cTggbGkwMDI1NTdAdW1uLmVkdQ
2025-02-04 14:00:22,859 - INFO - 
🔍 Attempting to create event: Write interview scripts & walk backwards memorizing them
2025-02-04 14:00:22,859 - INFO - Start: 2025-02-05 14:30:00
2025-02-04 14:00:22,860 - INFO - End: 2025-02-05 16:30:00
2025-02-04 14:00:23,737 - INFO - ✅ Successfully created event:
2025-02-04 14:00:23,738 - INFO -   ID: 37muan20arsk1kublnphqe3d1k
2025-02-04 14:00:23,738 - INFO -   Link: https://www.google.com/calendar/event?eid=MzdtdWFuMjBhcnNrMWt1YmxucGhxZTNkMWsgbGkwMDI1NTdAdW1uLmVkdQ
2025-02-04 14:00:23,739 - INFO - 
🔍 Attempting to create event: Get Skyportal ticket wrapped up
2025-02-04 14:00:23,750 - INFO - Start: 2025-02-05 17:00:00
2025-02-04 14:00:23,750 - INFO - End: 2025-02-05 19:00:00
2025-02-04 14:00:24,625 - INFO - ✅ Successfully created event:
2025-02-04 14:00:24,626 - INFO -   ID: al52ffsflqtmn8adsufud2pemc
2025-02-04 14:00:24,626 - INFO -   Link: https://www.google.com/calendar/event?eid=YWw1MmZmc2ZscXRtbjhhZHN1ZnVkMnBlbWMgbGkwMDI1NTdAdW1uLmVkdQ
2025-02-04 14:00:24,627 - INFO - ✅ Schedule created successfully!
