2025-02-14 14:00:00,770 - INFO - Starting day planner script...
2025-02-14 14:00:01,585 - INFO - ✅ Successfully connected to Google Calendar
2025-02-14 14:00:01,585 - INFO - 📅 Primary Calendar ID: c_ritfi48pp9ld7atshj6uu5q6r4@group.calendar.google.com
2025-02-14 14:00:21,140 - INFO - ✅ Successfully connected to Google Calendar
2025-02-14 14:00:21,141 - INFO - 📅 Primary Calendar ID: c_ritfi48pp9ld7atshj6uu5q6r4@group.calendar.google.com
2025-02-14 14:00:21,146 - INFO - 
🔍 Attempting to create event: Work on high priority tasks from Kanban board (leetcode for 3 hours total, write interview scripts & walk backwards memorizing them)
2025-02-14 14:00:21,146 - INFO - Start: 2025-02-15 09:30:00
2025-02-14 14:00:21,146 - INFO - End: 2025-02-15 11:30:00
2025-02-14 14:00:21,655 - INFO - ✅ Successfully created event:
2025-02-14 14:00:21,656 - INFO -   ID: fkq6i789l23hfgfova3sh0da0k
2025-02-14 14:00:21,656 - INFO -   Link: https://www.google.com/calendar/event?eid=ZmtxNmk3ODlsMjNoZmdmb3ZhM3NoMGRhMGsgbGkwMDI1NTdAdW1uLmVkdQ
2025-02-14 14:00:21,656 - INFO - 
🔍 Attempting to create event: Continue working on high priority tasks (start social media channel, think about niche & set up account)
2025-02-14 14:00:21,656 - INFO - Start: 2025-02-15 12:00:00
2025-02-14 14:00:21,656 - INFO - End: 2025-02-15 14:00:00
2025-02-14 14:00:22,152 - INFO - ✅ Successfully created event:
2025-02-14 14:00:22,152 - INFO -   ID: 7022n6dtkg6of415k3imtri9h4
2025-02-14 14:00:22,152 - INFO -   Link: https://www.google.com/calendar/event?eid=NzAyMm42ZHRrZzZvZjQxNWszaW10cmk5aDQgbGkwMDI1NTdAdW1uLmVkdQ
2025-02-14 14:00:22,153 - INFO - 
🔍 Attempting to create event: Work on medium priority tasks from Kanban board (apply to yc startup school, figure out post taiwan sf housing)
2025-02-14 14:00:22,153 - INFO - Start: 2025-02-15 15:30:00
2025-02-14 14:00:22,153 - INFO - End: 2025-02-15 17:30:00
2025-02-14 14:00:22,677 - INFO - ✅ Successfully created event:
2025-02-14 14:00:22,677 - INFO -   ID: 3h1nuq2jdtteun8pu4nmveb6m4
2025-02-14 14:00:22,677 - INFO -   Link: https://www.google.com/calendar/event?eid=M2gxbnVxMmpkdHRldW44cHU0bm12ZWI2bTQgbGkwMDI1NTdAdW1uLmVkdQ
2025-02-14 14:00:22,678 - INFO - 
🔍 Attempting to create event: Continue working on medium priority tasks (hack on lrt project for 4 hrs/day, buy e-sim for taiwan)
2025-02-14 14:00:22,678 - INFO - Start: 2025-02-15 18:00:00
2025-02-14 14:00:22,678 - INFO - End: 2025-02-15 20:00:00
2025-02-14 14:00:23,153 - INFO - ✅ Successfully created event:
2025-02-14 14:00:23,153 - INFO -   ID: lre5rrrd5b4l111qi4nhfc8tlk
2025-02-14 14:00:23,153 - INFO -   Link: https://www.google.com/calendar/event?eid=bHJlNXJycmQ1YjRsMTExcWk0bmhmYzh0bGsgbGkwMDI1NTdAdW1uLmVkdQ
2025-02-14 14:00:23,156 - INFO - ✅ Schedule created successfully!
