2025-02-15 14:00:12,637 - INFO - Starting day planner script...
2025-02-15 14:00:14,284 - INFO - ✅ Successfully connected to Google Calendar
2025-02-15 14:00:14,286 - INFO - 📅 Primary Calendar ID: c_ritfi48pp9ld7atshj6uu5q6r4@group.calendar.google.com
2025-02-15 14:12:16,176 - INFO - ✅ Successfully connected to Google Calendar
2025-02-15 14:12:16,179 - INFO - 📅 Primary Calendar ID: c_ritfi48pp9ld7atshj6uu5q6r4@group.calendar.google.com
2025-02-15 14:12:16,186 - INFO - 
🔍 Attempting to create event: Work on high priority tasks from Kanban board (leetcode for 3 hours total, write interview scripts & walk backwards memorizing them)
2025-02-15 14:12:16,186 - INFO - Start: 2025-02-16 10:00:00
2025-02-15 14:12:16,186 - INFO - End: 2025-02-16 12:00:00
2025-02-15 14:12:16,643 - INFO - ✅ Successfully created event:
2025-02-15 14:12:16,644 - INFO -   ID: 3difbpccasugv2kga4annbq2vs
2025-02-15 14:12:16,644 - INFO -   Link: https://www.google.com/calendar/event?eid=M2RpZmJwY2Nhc3VndjJrZ2E0YW5uYnEydnMgbGkwMDI1NTdAdW1uLmVkdQ
2025-02-15 14:12:16,644 - INFO - 
🔍 Attempting to create event: Continue working on high priority tasks (worldpackers app, system design)
2025-02-15 14:12:16,644 - INFO - Start: 2025-02-16 12:30:00
2025-02-15 14:12:16,644 - INFO - End: 2025-02-16 14:30:00
2025-02-15 14:12:17,172 - INFO - ✅ Successfully created event:
2025-02-15 14:12:17,172 - INFO -   ID: skqulb0u902doklp14odesbcn4
2025-02-15 14:12:17,172 - INFO -   Link: https://www.google.com/calendar/event?eid=c2txdWxiMHU5MDJkb2tscDE0b2Rlc2JjbjQgbGkwMDI1NTdAdW1uLmVkdQ
2025-02-15 14:12:17,173 - INFO - 
🔍 Attempting to create event: Work on medium priority tasks (apply to yc startup school, figure out post taiwan sf housing)  
2025-02-15 14:12:17,173 - INFO - Start: 2025-02-16 15:00:00
2025-02-15 14:12:17,173 - INFO - End: 2025-02-16 17:00:00
2025-02-15 14:12:17,709 - INFO - ✅ Successfully created event:
2025-02-15 14:12:17,711 - INFO -   ID: frahkp96plt8spqapl4scoim0s
2025-02-15 14:12:17,711 - INFO -   Link: https://www.google.com/calendar/event?eid=ZnJhaGtwOTZwbHQ4c3BxYXBsNHNjb2ltMHMgbGkwMDI1NTdAdW1uLmVkdQ
2025-02-15 14:12:17,711 - INFO - 
🔍 Attempting to create event: Continue working on medium priority tasks (hack on lrt project for 4 hrs/day, buy e-sim for taiwan)
2025-02-15 14:12:17,711 - INFO - Start: 2025-02-16 17:30:00
2025-02-15 14:12:17,712 - INFO - End: 2025-02-16 19:30:00
2025-02-15 14:12:18,233 - INFO - ✅ Successfully created event:
2025-02-15 14:12:18,233 - INFO -   ID: 5b30bvepa2hc15a3v9ocvliklo
2025-02-15 14:12:18,233 - INFO -   Link: https://www.google.com/calendar/event?eid=NWIzMGJ2ZXBhMmhjMTVhM3Y5b2N2bGlrbG8gbGkwMDI1NTdAdW1uLmVkdQ
2025-02-15 14:12:18,237 - INFO - ✅ Schedule created successfully!
