2025-02-10 14:00:02,186 - INFO - Starting day planner script...
2025-02-10 14:00:03,099 - INFO - ✅ Successfully connected to Google Calendar
2025-02-10 14:00:03,099 - INFO - 📅 Primary Calendar ID: c_ritfi48pp9ld7atshj6uu5q6r4@group.calendar.google.com
2025-02-10 14:00:20,097 - INFO - ✅ Successfully connected to Google Calendar
2025-02-10 14:00:20,097 - INFO - 📅 Primary Calendar ID: c_ritfi48pp9ld7atshj6uu5q6r4@group.calendar.google.com
2025-02-10 14:00:20,105 - INFO - 
🔍 Attempting to create event: Leetcode (high priority)
2025-02-10 14:00:20,105 - INFO - Start: 2025-02-11 10:00:00
2025-02-10 14:00:20,105 - INFO - End: 2025-02-11 12:00:00
2025-02-10 14:00:20,812 - INFO - ✅ Successfully created event:
2025-02-10 14:00:20,812 - INFO -   ID: gtde82bpo0mthte4ra2hefqo6c
2025-02-10 14:00:20,813 - INFO -   Link: https://www.google.com/calendar/event?eid=Z3RkZTgyYnBvMG10aHRlNHJhMmhlZnFvNmMgbGkwMDI1NTdAdW1uLmVkdQ
2025-02-10 14:00:20,813 - INFO - 
🔍 Attempting to create event: Hack on LRT project (medium priority)
2025-02-10 14:00:20,813 - INFO - Start: 2025-02-11 13:00:00
2025-02-10 14:00:20,813 - INFO - End: 2025-02-11 15:00:00
2025-02-10 14:00:21,426 - INFO - ✅ Successfully created event:
2025-02-10 14:00:21,427 - INFO -   ID: n441rbragge9l7ouaiajcn4mng
2025-02-10 14:00:21,427 - INFO -   Link: https://www.google.com/calendar/event?eid=bjQ0MXJicmFnZ2U5bDdvdWFpYWpjbjRtbmcgbGkwMDI1NTdAdW1uLmVkdQ
2025-02-10 14:00:21,427 - INFO - 
🔍 Attempting to create event: Write interview scripts & memorize (high priority)
2025-02-10 14:00:21,428 - INFO - Start: 2025-02-11 15:30:00
2025-02-10 14:00:21,428 - INFO - End: 2025-02-11 17:30:00
2025-02-10 14:00:22,143 - INFO - ✅ Successfully created event:
2025-02-10 14:00:22,144 - INFO -   ID: 4gmuksjcftcqhkd7bmgb8264co
2025-02-10 14:00:22,144 - INFO -   Link: https://www.google.com/calendar/event?eid=NGdtdWtzamNmdGNxaGtkN2JtZ2I4MjY0Y28gbGkwMDI1NTdAdW1uLmVkdQ
2025-02-10 14:00:22,144 - INFO - 
🔍 Attempting to create event: Start social media channel - think about niche & set up account (high priority)
2025-02-10 14:00:22,144 - INFO - Start: 2025-02-11 18:00:00
2025-02-10 14:00:22,145 - INFO - End: 2025-02-11 20:00:00
2025-02-10 14:00:22,733 - INFO - ✅ Successfully created event:
2025-02-10 14:00:22,733 - INFO -   ID: 5bthoeh6gas0mlnk5upcv1ss6o
2025-02-10 14:00:22,734 - INFO -   Link: https://www.google.com/calendar/event?eid=NWJ0aG9laDZnYXMwbWxuazV1cGN2MXNzNm8gbGkwMDI1NTdAdW1uLmVkdQ
2025-02-10 14:00:22,737 - INFO - ✅ Schedule created successfully!
