2025-02-18 14:00:45,735 - INFO - Starting day planner script...
2025-02-18 14:00:47,264 - INFO - ✅ Successfully connected to Google Calendar
2025-02-18 14:00:47,264 - INFO - 📅 Primary Calendar ID: c_ritfi48pp9ld7atshj6uu5q6r4@group.calendar.google.com
2025-02-18 14:01:05,731 - INFO - ✅ Successfully connected to Google Calendar
2025-02-18 14:01:05,736 - INFO - 📅 Primary Calendar ID: c_ritfi48pp9ld7atshj6uu5q6r4@group.calendar.google.com
2025-02-18 14:01:05,780 - INFO - 
🔍 Attempting to create event: Leetcode practice (3 hours total)
2025-02-18 14:01:05,781 - INFO - Start: 2025-02-19 09:00:00
2025-02-18 14:01:05,781 - INFO - End: 2025-02-19 11:00:00
2025-02-18 14:01:06,361 - INFO - ✅ Successfully created event:
2025-02-18 14:01:06,365 - INFO -   ID: qnivah1pf5sd1vp9vob93sam9o
2025-02-18 14:01:06,366 - INFO -   Link: https://www.google.com/calendar/event?eid=cW5pdmFoMXBmNXNkMXZwOXZvYjkzc2FtOW8gbGkwMDI1NTdAdW1uLmVkdQ
2025-02-18 14:01:06,367 - INFO - 
🔍 Attempting to create event: Hack on LRT project (4 hrs/day)
2025-02-18 14:01:06,367 - INFO - Start: 2025-02-19 12:00:00
2025-02-18 14:01:06,367 - INFO - End: 2025-02-19 14:00:00
2025-02-18 14:01:06,954 - INFO - ✅ Successfully created event:
2025-02-18 14:01:06,955 - INFO -   ID: 68jfrs17n3qhjhd7qtifrr7kl0
2025-02-18 14:01:06,955 - INFO -   Link: https://www.google.com/calendar/event?eid=NjhqZnJzMTduM3FoamhkN3F0aWZycjdrbDAgbGkwMDI1NTdAdW1uLmVkdQ
2025-02-18 14:01:06,955 - INFO - 
🔍 Attempting to create event: Hack on LRT project (4 hrs/day)
2025-02-18 14:01:06,955 - INFO - Start: 2025-02-19 14:30:00
2025-02-18 14:01:06,955 - INFO - End: 2025-02-19 16:30:00
2025-02-18 14:01:07,494 - INFO - ✅ Successfully created event:
2025-02-18 14:01:07,494 - INFO -   ID: boebso1okqklnigpq4gqpgot3c
2025-02-18 14:01:07,494 - INFO -   Link: https://www.google.com/calendar/event?eid=Ym9lYnNvMW9rcWtsbmlncHE0Z3FwZ290M2MgbGkwMDI1NTdAdW1uLmVkdQ
2025-02-18 14:01:07,495 - INFO - 
🔍 Attempting to create event: Start social media channel - think about niche & set up account (1.5 hrs)
2025-02-18 14:01:07,495 - INFO - Start: 2025-02-19 17:00:00
2025-02-18 14:01:07,495 - INFO - End: 2025-02-19 19:00:00
2025-02-18 14:01:08,098 - INFO - ✅ Successfully created event:
2025-02-18 14:01:08,099 - INFO -   ID: 2s07ifbht5f7i8a9u4j4pd958o
2025-02-18 14:01:08,099 - INFO -   Link: https://www.google.com/calendar/event?eid=MnMwN2lmYmh0NWY3aThhOXU0ajRwZDk1OG8gbGkwMDI1NTdAdW1uLmVkdQ
2025-02-18 14:01:08,101 - INFO - ✅ Schedule created successfully!
