2025-02-07 14:17:02,034 - INFO - Starting day planner script...
2025-02-07 14:17:04,016 - INFO - ✅ Successfully connected to Google Calendar
2025-02-07 14:17:04,016 - INFO - 📅 Primary Calendar ID: c_ritfi48pp9ld7atshj6uu5q6r4@group.calendar.google.com
2025-02-07 14:45:38,037 - INFO - ✅ Successfully connected to Google Calendar
2025-02-07 14:45:38,040 - INFO - 📅 Primary Calendar ID: c_ritfi48pp9ld7atshj6uu5q6r4@group.calendar.google.com
2025-02-07 14:45:38,044 - INFO - 
🔍 Attempting to create event: Leetcode for 2 hours
2025-02-07 14:45:38,045 - INFO - Start: 2025-02-08 09:00:00
2025-02-07 14:45:38,045 - INFO - End: 2025-02-08 11:00:00
2025-02-07 14:45:38,618 - INFO - ✅ Successfully created event:
2025-02-07 14:45:38,619 - INFO -   ID: 2mpk8mrfnk476th0pmhti37sos
2025-02-07 14:45:38,619 - INFO -   Link: https://www.google.com/calendar/event?eid=Mm1wazhtcmZuazQ3NnRoMHBtaHRpMzdzb3MgbGkwMDI1NTdAdW1uLmVkdQ
2025-02-07 14:45:38,619 - INFO - 
🔍 Attempting to create event: Hack on LRT project for 2 hours
2025-02-07 14:45:38,619 - INFO - Start: 2025-02-08 11:30:00
2025-02-07 14:45:38,619 - INFO - End: 2025-02-08 13:30:00
2025-02-07 14:45:39,596 - INFO - ✅ Successfully created event:
2025-02-07 14:45:39,596 - INFO -   ID: 569fuv8tag5pmdludnfcccros8
2025-02-07 14:45:39,596 - INFO -   Link: https://www.google.com/calendar/event?eid=NTY5ZnV2OHRhZzVwbWRsdWRuZmNjY3JvczggbGkwMDI1NTdAdW1uLmVkdQ
2025-02-07 14:45:39,597 - INFO - 
🔍 Attempting to create event: Write interview scripts & walk backwards memorizing them
2025-02-07 14:45:39,597 - INFO - Start: 2025-02-08 15:00:00
2025-02-07 14:45:39,597 - INFO - End: 2025-02-08 17:00:00
2025-02-07 14:45:40,236 - INFO - ✅ Successfully created event:
2025-02-07 14:45:40,237 - INFO -   ID: m3j7pr6olnlm9ds79lgfgvimpo
2025-02-07 14:45:40,237 - INFO -   Link: https://www.google.com/calendar/event?eid=bTNqN3ByNm9sbmxtOWRzNzlsZ2ZndmltcG8gbGkwMDI1NTdAdW1uLmVkdQ
2025-02-07 14:45:40,237 - INFO - 
🔍 Attempting to create event: Get skyportal ticket wrapped up
2025-02-07 14:45:40,237 - INFO - Start: 2025-02-08 18:30:00
2025-02-07 14:45:40,237 - INFO - End: 2025-02-08 20:30:00
2025-02-07 14:45:40,840 - INFO - ✅ Successfully created event:
2025-02-07 14:45:40,841 - INFO -   ID: 2hlv3u6iiultbt3mn441kilg7s
2025-02-07 14:45:40,841 - INFO -   Link: https://www.google.com/calendar/event?eid=MmhsdjN1NmlpdWx0YnQzbW40NDFraWxnN3MgbGkwMDI1NTdAdW1uLmVkdQ
2025-02-07 14:45:40,844 - INFO - ✅ Schedule created successfully!
