2025-02-11 14:06:54,242 - INFO - Starting day planner script...
2025-02-11 14:06:55,068 - INFO - ✅ Successfully connected to Google Calendar
2025-02-11 14:06:55,069 - INFO - 📅 Primary Calendar ID: c_ritfi48pp9ld7atshj6uu5q6r4@group.calendar.google.com
2025-02-11 14:27:46,460 - INFO - ✅ Successfully connected to Google Calendar
2025-02-11 14:27:46,461 - INFO - 📅 Primary Calendar ID: c_ritfi48pp9ld7atshj6uu5q6r4@group.calendar.google.com
2025-02-11 14:27:46,466 - INFO - 
🔍 Attempting to create event: Leetcode practice
2025-02-11 14:27:46,467 - INFO - Start: 2025-02-12 09:00:00
2025-02-11 14:27:46,467 - INFO - End: 2025-02-12 09:30:00
2025-02-11 14:27:47,985 - INFO - ✅ Successfully created event:
2025-02-11 14:27:47,985 - INFO -   ID: 691mgajv1ja44ms8orv41gb57o
2025-02-11 14:27:47,985 - INFO -   Link: https://www.google.com/calendar/event?eid=NjkxbWdhanYxamE0NG1zOG9ydjQxZ2I1N28gbGkwMDI1NTdAdW1uLmVkdQ
2025-02-11 14:27:47,986 - INFO - 
🔍 Attempting to create event: Write interview scripts & memorize (high priority)
2025-02-11 14:27:47,986 - INFO - Start: 2025-02-12 13:00:00
2025-02-11 14:27:47,986 - INFO - End: 2025-02-12 15:00:00
2025-02-11 14:27:49,771 - INFO - ✅ Successfully created event:
2025-02-11 14:27:49,772 - INFO -   ID: 1feollntqeketmj2p92u29k4c8
2025-02-11 14:27:49,772 - INFO -   Link: https://www.google.com/calendar/event?eid=MWZlb2xsbnRxZWtldG1qMnA5MnUyOWs0YzggbGkwMDI1NTdAdW1uLmVkdQ
2025-02-11 14:27:49,773 - INFO - 
🔍 Attempting to create event: Leetcode practice
2025-02-11 14:27:49,773 - INFO - Start: 2025-02-12 15:30:00
2025-02-11 14:27:49,773 - INFO - End: 2025-02-12 17:30:00
2025-02-11 14:27:54,468 - INFO - ✅ Successfully created event:
2025-02-11 14:27:54,469 - INFO -   ID: tlh2uup03kjn8ks82bn02m1muc
2025-02-11 14:27:54,469 - INFO -   Link: https://www.google.com/calendar/event?eid=dGxoMnV1cDAza2puOGtzODJibjAybTFtdWMgbGkwMDI1NTdAdW1uLmVkdQ
2025-02-11 14:27:54,469 - INFO - 
🔍 Attempting to create event: Work on high priority tasks from Kanban board
2025-02-11 14:27:54,469 - INFO - Start: 2025-02-12 19:00:00
2025-02-11 14:27:54,469 - INFO - End: 2025-02-12 21:00:00
2025-02-11 14:27:55,628 - INFO - ✅ Successfully created event:
2025-02-11 14:27:55,628 - INFO -   ID: rev6f78l30oae81d2nsflu36i0
2025-02-11 14:27:55,628 - INFO -   Link: https://www.google.com/calendar/event?eid=cmV2NmY3OGwzMG9hZTgxZDJuc2ZsdTM2aTAgbGkwMDI1NTdAdW1uLmVkdQ
2025-02-11 14:27:55,631 - INFO - ✅ Schedule created successfully!
